2023-10-11 12:10:44-03:00 [API CODER] info: escuchando en el puerto 8000
2023-10-11 12:11:15-03:00 [API CODER] warn: este es el error
2023-10-11 12:11:15-03:00 [API CODER] error: este es el error
2023-10-11 12:11:40-03:00 [API CODER] info: escuchando en el puerto 8000
2023-10-11 12:12:32-03:00 [API CODER] warn: este es el error
2023-10-11 12:12:32-03:00 [API CODER] error: este es el error
2023-10-11 12:13:22-03:00 [API CODER] info: escuchando en el puerto 8000
2023-10-11 12:13:39-03:00 [API CODER] warn: este es el error
2023-10-11 12:13:39-03:00 [API CODER] error: este es el error
2023-10-11 12:14:43-03:00 [API CODER] info: escuchando en el puerto 8000
2023-10-11 12:15:57-03:00 [API CODER] info: escuchando en el puerto 8000
2023-10-11 12:16:05-03:00 [API CODER] info: escuchando en el puerto 8000
2023-10-11 12:17:03-03:00 [API CODER] info: escuchando en el puerto 8000
2023-10-11 13:32:42-03:00 [API CODER] info: escuchando en el puerto 8000
 [API CODER] info: escuchando en el puerto 8000
2023-10-11 13:33:28-03:00 [API CODER] info: escuchando en el puerto 8000
2023-10-11 17:41:29-03:00 [API CODER] info: escuchando en el puerto 8000
2023-10-11 17:41:52-03:00 [API CODER] info: undefined
2023-10-11 17:41:52-03:00 [API CODER] warn: undefined
2023-10-11 17:41:52-03:00 [API CODER] error: undefined
2023-10-11 17:43:00-03:00 [API CODER] info: escuchando en el puerto 8000
2023-10-11 17:43:04-03:00 [API CODER] info: undefined
2023-10-11 17:43:04-03:00 [API CODER] warn: undefined
2023-10-11 17:43:04-03:00 [API CODER] error: undefined
2023-10-11 17:47:20-03:00 [API CODER] info: escuchando en el puerto 8000
2023-10-11 17:47:23-03:00 [API CODER] info: undefined
2023-10-11 17:47:23-03:00 [API CODER] warn: undefined
2023-10-11 17:47:23-03:00 [API CODER] error: undefined
2023-10-11 17:48:08-03:00 [API CODER] info: escuchando en el puerto 8000
2023-10-11 17:48:11-03:00 [API CODER] error: undefined
2023-10-11 17:48:11-03:00 [API CODER] info: undefined
2023-10-11 17:48:11-03:00 [API CODER] warn: undefined
2023-10-11 17:48:11-03:00 [API CODER] error: undefined
2023-10-11 17:52:49-03:00 [API CODER] info: escuchando en el puerto 8000
2023-10-11 17:52:55-03:00 [API CODER] info: escuchando en el puerto 8000
2023-10-11 17:53:04-03:00 [API CODER] error: undefined
2023-10-11 17:53:04-03:00 [API CODER] info: undefined
2023-10-11 17:53:04-03:00 [API CODER] warn: undefined
2023-10-11 17:53:04-03:00 [API CODER] error: undefined
2023-10-11 17:54:03-03:00 [API CODER] info: escuchando en el puerto 8000
2023-10-11 17:54:13-03:00 [API CODER] info: escuchando en el puerto 8000
2023-10-11 17:54:16-03:00 [API CODER] error: undefined
2023-10-11 17:54:16-03:00 [API CODER] info: undefined
2023-10-11 17:54:16-03:00 [API CODER] warn: undefined
2023-10-11 17:54:16-03:00 [API CODER] error: undefined
2023-10-11 17:54:53-03:00 [API CODER] info: escuchando en el puerto 8000
2023-10-11 17:56:35-03:00 [API CODER] info: escuchando en el puerto 8000
2023-10-11 17:56:40-03:00 [API CODER] error: mensaje del error
2023-10-11 17:56:40-03:00 [API CODER] info: undefined
2023-10-11 17:56:40-03:00 [API CODER] warn: undefined
2023-10-11 17:56:40-03:00 [API CODER] error: undefined
2023-10-11 17:57:18-03:00 [API CODER] info: escuchando en el puerto 8000
2023-10-11 17:57:20-03:00 [API CODER] info: undefined
2023-10-11 17:57:20-03:00 [API CODER] warn: undefined
2023-10-11 17:57:20-03:00 [API CODER] error: undefined
2023-10-11 17:57:54-03:00 [API CODER] info: escuchando en el puerto 8000
2023-10-11 17:58:00-03:00 [API CODER] info: undefined
2023-10-11 17:58:00-03:00 [API CODER] warn: undefined
2023-10-11 17:58:25-03:00 [API CODER] info: undefined
2023-10-11 17:58:25-03:00 [API CODER] warn: undefined
2023-10-11 17:58:26-03:00 [API CODER] info: escuchando en el puerto 8000
2023-10-11 17:58:42-03:00 [API CODER] info: escuchando en el puerto 8000
2023-10-11 17:58:44-03:00 [API CODER] error: undefined
2023-10-11 17:58:44-03:00 [API CODER] info: undefined
2023-10-11 17:58:44-03:00 [API CODER] warn: undefined
2023-10-11 17:59:45-03:00 [API CODER] info: escuchando en el puerto 8000
2023-10-11 17:59:50-03:00 [API CODER] error: undefined
2023-10-11 17:59:50-03:00 [API CODER] info: undefined
2023-10-11 17:59:50-03:00 [API CODER] warn: undefined
2023-10-11 18:00:15-03:00 [API CODER] info: escuchando en el puerto 8000
2023-10-11 18:00:18-03:00 [API CODER] error: undefined
2023-10-11 18:00:18-03:00 [API CODER] info: undefined
2023-10-11 18:00:18-03:00 [API CODER] warn: undefined
2023-10-11 18:00:50-03:00 [API CODER] info: escuchando en el puerto 8000
2023-10-11 18:00:53-03:00 [API CODER] error: undefined
2023-10-11 18:00:53-03:00 [API CODER] info: undefined
2023-10-11 18:00:53-03:00 [API CODER] warn: undefined
2023-10-11 18:01:17-03:00 [API CODER] info: escuchando en el puerto 8000
2023-10-11 18:01:24-03:00 [API CODER] info: escuchando en el puerto 8000
2023-10-11 18:01:27-03:00 [API CODER] info: este es el error
2023-10-11 18:01:27-03:00 [API CODER] warn: este es el error
2023-10-11 18:01:27-03:00 [API CODER] error: este es el error
2023-10-11 18:01:39-03:00 [API CODER] info: escuchando en el puerto 8000
2023-10-11 18:01:46-03:00 [API CODER] info: escuchando en el puerto 8000
2023-10-11 18:01:48-03:00 [API CODER] error: undefined
2023-10-11 18:01:48-03:00 [API CODER] info: undefined
2023-10-11 18:01:48-03:00 [API CODER] warn: undefined
2023-10-11 18:08:14-03:00 [API CODER] info: escuchando en el puerto 8000
2023-10-11 18:08:20-03:00 [API CODER] error: undefined
2023-10-11 18:08:20-03:00 [API CODER] info: undefined
2023-10-11 18:08:20-03:00 [API CODER] warn: undefined
2023-10-11 18:14:25-03:00 [API CODER] info: escuchando en el puerto 8000 
2023-10-11 18:14:36-03:00 [API CODER] error: undefined  (Cause: causa del error)
2023-10-11 18:14:36-03:00 [API CODER] info: undefined  (Cause: causa del error)
2023-10-11 18:14:36-03:00 [API CODER] warn: undefined  (Cause: causa del error)
2023-10-11 18:16:16-03:00 [API CODER] info: escuchando en el puerto 8000 
2023-10-11 18:16:18-03:00 [API CODER] error: undefined  (Cause: causa del error)
2023-10-11 18:16:18-03:00 [API CODER] info: undefined  (Cause: causa del error)
2023-10-11 18:16:18-03:00 [API CODER] warn: undefined  (Cause: causa del error)
2023-10-11 18:18:44-03:00 [API CODER] info: escuchando en el puerto 8000
2023-10-11 18:18:49-03:00 [API CODER] info: escuchando en el puerto 8000
2023-10-11 18:19:00-03:00 [API CODER] info: escuchando en el puerto 8000
2023-10-11 18:19:06-03:00 [API CODER] info: escuchando en el puerto 8000
2023-10-11 18:19:11-03:00 [API CODER] error: undefined
2023-10-11 18:19:11-03:00 [API CODER] info: undefined
2023-10-11 18:19:11-03:00 [API CODER] warn: undefined
2023-10-11 18:19:38-03:00 [API CODER] info: escuchando en el puerto 8000
2023-10-11 18:19:40-03:00 [API CODER] info: undefined
2023-10-11 18:19:40-03:00 [API CODER] warn: undefined
2023-10-11 18:19:47-03:00 [API CODER] info: escuchando en el puerto 8000
2023-10-11 18:19:58-03:00 [API CODER] error: undefined
2023-10-11 18:19:58-03:00 [API CODER] info: undefined
2023-10-11 18:19:58-03:00 [API CODER] warn: undefined
2023-10-11 18:23:07-03:00 [API CODER] info: escuchando en el puerto 8000
2023-10-11 18:23:10-03:00 [API CODER] error: undefined
2023-10-11 18:23:10-03:00 [API CODER] info: undefined
2023-10-11 18:23:10-03:00 [API CODER] warn: undefined
2023-10-11 18:24:28-03:00 [API CODER] info: escuchando en el puerto 8000
2023-10-11 18:24:30-03:00 [API CODER] error: undefined
2023-10-11 18:24:30-03:00 [API CODER] info: undefined
2023-10-11 18:24:30-03:00 [API CODER] warn: undefined
2023-10-11 18:24:56-03:00 [API CODER] info: escuchando en el puerto 8000
2023-10-11 18:30:09-03:00 [API CODER] info: escuchando en el puerto 8000
2023-10-11 18:30:11-03:00 [API CODER] error: undefined
2023-10-11 18:30:11-03:00 [API CODER] info: undefined
2023-10-11 18:30:11-03:00 [API CODER] warn: undefined
2023-10-11 18:31:11-03:00 [API CODER] info: escuchando en el puerto 8000
2023-10-11 18:31:17-03:00 [API CODER] error: undefined
2023-10-11 18:31:17-03:00 [API CODER] info: Este es un mensaje de información
2023-10-11 18:31:17-03:00 [API CODER] warn: Este es un mensaje de advertencia
2023-10-11 18:31:17-03:00 [API CODER] error: Este es un mensaje de error
2023-10-11 18:33:33-03:00 [API CODER] info: escuchando en el puerto 8000
2023-10-11 18:34:57-03:00 [API CODER] info: escuchando en el puerto 8000
2023-10-11 18:35:12-03:00 [API CODER] info: escuchando en el puerto 8000
2023-10-11 18:35:20-03:00 [API CODER] info: Este es un mensaje de información
2023-10-11 18:35:20-03:00 [API CODER] warn: Este es un mensaje de advertencia
2023-10-11 18:35:20-03:00 [API CODER] error: Este es un mensaje de error
2023-10-11 18:35:20-03:00 [API CODER] error: undefined
2023-10-11 18:46:20-03:00 [API CODER] info: escuchando en el puerto 8000
2023-10-11 18:46:43-03:00 [API CODER] info: escuchando en el puerto 8000
2023-10-11 18:47:58-03:00 [API CODER] info: escuchando en el puerto 8000
2023-10-11 18:47:58-03:00 [API CODER] error: undefined
2023-10-11 21:09:28-03:00 [API CODER] info: escuchando en el puerto 8000
2023-10-11 21:18:28-03:00 [API CODER] info: escuchando en el puerto 8000
2023-10-11 21:18:45-03:00 [API CODER] info: escuchando en el puerto 8000
2023-10-11 21:19:10-03:00 [API CODER] info: escuchando en el puerto 8000
2023-10-11 21:19:16-03:00 [API CODER] error: undefined
2023-10-11 21:19:55-03:00 [API CODER] info: escuchando en el puerto 8000
2023-10-11 21:19:58-03:00 [API CODER] error: undefined
2023-10-11 21:21:14-03:00 [API CODER] info: escuchando en el puerto 8000
2023-10-11 21:21:17-03:00 [API CODER] error: undefined
2023-10-11 21:21:40-03:00 [API CODER] info: escuchando en el puerto 8000
2023-10-11 21:21:46-03:00 [API CODER] error: undefined
2023-10-11 21:22:02-03:00 [API CODER] info: escuchando en el puerto 8000
2023-10-11 21:25:48-03:00 [API CODER] info: escuchando en el puerto 8000
2023-10-11 21:26:10-03:00 [API CODER] info: escuchando en el puerto 8000
2023-10-11 21:27:16-03:00 [API CODER] info: escuchando en el puerto 8000
2023-10-11 21:27:27-03:00 [API CODER] error: undefined
2023-10-11 21:31:16-03:00 [API CODER] info: escuchando en el puerto 8000
2023-10-11 21:31:19-03:00 [API CODER] error: undefined
2023-10-11 21:38:01-03:00 [API CODER] info: escuchando en el puerto 8000
2023-10-11 21:38:43-03:00 [API CODER] info: escuchando en el puerto 8000
2023-10-11 21:38:48-03:00 [API CODER] error: undefined
2023-10-11 21:39:01-03:00 [API CODER] info: escuchando en el puerto 8000
2023-10-11 21:39:03-03:00 [API CODER] error: undefined
2023-10-11 21:42:17-03:00 [API CODER] info: escuchando en el puerto 8000
2023-10-11 21:42:22-03:00 [API CODER] error: mensaje del error
2023-10-11 21:43:10-03:00 [API CODER] info: escuchando en el puerto 8000
2023-10-11 21:43:15-03:00 [API CODER] info: escuchando en el puerto 8000
2023-10-11 21:43:19-03:00 [API CODER] info: escuchando en el puerto 8000
2023-10-11 21:43:21-03:00 [API CODER] error: mensaje del error
2023-10-11 21:46:47-03:00 [API CODER] info: escuchando en el puerto 8000
2023-10-11 21:47:26-03:00 [API CODER] info: escuchando en el puerto 8000
2023-10-11 21:48:48-03:00 [API CODER] info: escuchando en el puerto 8000
2023-10-11 21:48:51-03:00 [API CODER] error: Error message
2023-10-11 21:52:20-03:00 [API CODER] info: escuchando en el puerto 8000
2023-10-11 21:52:28-03:00 [API CODER] info: escuchando en el puerto 8000
2023-10-11 21:52:31-03:00 [API CODER] error: mensaje del error
2023-10-11 21:53:33-03:00 [API CODER] info: escuchando en el puerto 8000
2023-10-11 21:55:20-03:00 [API CODER] info: escuchando en el puerto 8000
2023-10-11 21:56:15-03:00 [API CODER] info: escuchando en el puerto 8000
2023-10-11 22:00:38-03:00 [API CODER] info: escuchando en el puerto 8000
2023-10-11 22:03:06-03:00 [API CODER] info: escuchando en el puerto 8000
2023-10-11 22:07:04-03:00 [API CODER] info: escuchando en el puerto 8000
2023-10-11 22:15:46-03:00 [API CODER] info: escuchando en el puerto 8000
2023-10-11 22:17:23-03:00 [API CODER] info: escuchando en el puerto 8000
2023-10-11 22:17:47-03:00 [API CODER] info: escuchando en el puerto 8000
2023-10-11 22:19:25-03:00 [API CODER] info: escuchando en el puerto 8000
2023-10-11 22:28:13-03:00 [API CODER] info: escuchando en el puerto 8000
2023-10-11 22:28:52-03:00 [API CODER] info: escuchando en el puerto 8000
2023-10-11 22:31:37-03:00 [API CODER] info: escuchando en el puerto 8000
2023-10-11 22:32:45-03:00 [API CODER] info: escuchando en el puerto 8000
2023-10-11 22:33:14-03:00 [API CODER] info: escuchando en el puerto 8000
2023-10-11 22:34:03-03:00 [API CODER] info: escuchando en el puerto 8000
2023-10-11 22:36:13-03:00 [API CODER] info: escuchando en el puerto 8000
2023-10-11 22:37:24-03:00 [API CODER] info: escuchando en el puerto 8000
2023-10-11 22:37:29-03:00 [API CODER] error: mensaje del error
2023-10-11 22:37:29-03:00 [API CODER] info: undefined
2023-10-11 22:37:43-03:00 [API CODER] info: escuchando en el puerto 8000
2023-10-11 22:37:45-03:00 [API CODER] error: mensaje del error
2023-10-11 22:37:45-03:00 [API CODER] info: mensaje del error
2023-10-11 22:37:55-03:00 [API CODER] info: escuchando en el puerto 8000
2023-10-11 22:37:58-03:00 [API CODER] error: mensaje del error
2023-10-11 22:37:58-03:00 [API CODER] info: 1
2023-10-11 22:38:17-03:00 [API CODER] info: escuchando en el puerto 8000
2023-10-11 22:38:31-03:00 [API CODER] info: escuchando en el puerto 8000
2023-10-11 22:38:33-03:00 [API CODER] info: escuchando en el puerto 8000
2023-10-11 22:38:35-03:00 [API CODER] error: mensaje del error
2023-10-11 22:38:35-03:00 [API CODER] error: 1
2023-10-11 22:38:59-03:00 [API CODER] info: escuchando en el puerto 8000
2023-10-11 22:39:00-03:00 [API CODER] error: mensaje del error
2023-10-11 22:39:00-03:00 [API CODER] error: code 
2023-10-11 22:39:11-03:00 [API CODER] info: escuchando en el puerto 8000
2023-10-11 22:39:13-03:00 [API CODER] error: mensaje del error
2023-10-11 22:39:13-03:00 [API CODER] error: code 1
2023-10-11 22:39:14-03:00 [API CODER] error: mensaje del error
2023-10-11 22:39:14-03:00 [API CODER] error: code 1
