2023-10-11 12:11:15-03:00 [API CODER] error: este es el error
2023-10-11 12:12:32-03:00 [API CODER] error: este es el error
2023-10-11 12:13:39-03:00 [API CODER] error: este es el error
2023-10-11 17:41:52-03:00 [API CODER] error: undefined
2023-10-11 17:43:04-03:00 [API CODER] error: undefined
2023-10-11 17:47:23-03:00 [API CODER] error: undefined
2023-10-11 17:48:11-03:00 [API CODER] error: undefined
2023-10-11 17:48:11-03:00 [API CODER] error: undefined
2023-10-11 17:53:04-03:00 [API CODER] error: undefined
2023-10-11 17:53:04-03:00 [API CODER] error: undefined
2023-10-11 17:54:16-03:00 [API CODER] error: undefined
2023-10-11 17:54:16-03:00 [API CODER] error: undefined
2023-10-11 17:56:40-03:00 [API CODER] error: mensaje del error
2023-10-11 17:56:40-03:00 [API CODER] error: undefined
2023-10-11 17:57:20-03:00 [API CODER] error: undefined
2023-10-11 17:58:44-03:00 [API CODER] error: undefined
2023-10-11 17:59:50-03:00 [API CODER] error: undefined
2023-10-11 18:00:18-03:00 [API CODER] error: undefined
2023-10-11 18:00:53-03:00 [API CODER] error: undefined
2023-10-11 18:01:27-03:00 [API CODER] error: este es el error
2023-10-11 18:01:48-03:00 [API CODER] error: undefined
2023-10-11 18:08:20-03:00 [API CODER] error: undefined
2023-10-11 18:14:36-03:00 [API CODER] error: undefined  (Cause: causa del error)
2023-10-11 18:16:18-03:00 [API CODER] error: undefined  (Cause: causa del error)
2023-10-11 18:19:11-03:00 [API CODER] error: undefined
2023-10-11 18:19:58-03:00 [API CODER] error: undefined
2023-10-11 18:23:10-03:00 [API CODER] error: undefined
2023-10-11 18:24:30-03:00 [API CODER] error: undefined
2023-10-11 18:30:11-03:00 [API CODER] error: undefined
2023-10-11 18:31:17-03:00 [API CODER] error: undefined
2023-10-11 18:31:17-03:00 [API CODER] error: Este es un mensaje de error
2023-10-11 18:35:20-03:00 [API CODER] error: Este es un mensaje de error
2023-10-11 18:35:20-03:00 [API CODER] error: undefined
2023-10-11 18:47:58-03:00 [API CODER] error: undefined
2023-10-11 21:19:16-03:00 [API CODER] error: undefined
2023-10-11 21:19:58-03:00 [API CODER] error: undefined
2023-10-11 21:21:17-03:00 [API CODER] error: undefined
2023-10-11 21:21:46-03:00 [API CODER] error: undefined
2023-10-11 21:27:27-03:00 [API CODER] error: undefined
2023-10-11 21:31:19-03:00 [API CODER] error: undefined
2023-10-11 21:38:48-03:00 [API CODER] error: undefined
2023-10-11 21:39:03-03:00 [API CODER] error: undefined
2023-10-11 21:42:22-03:00 [API CODER] error: mensaje del error
2023-10-11 21:43:21-03:00 [API CODER] error: mensaje del error
2023-10-11 21:48:51-03:00 [API CODER] error: Error message
2023-10-11 21:52:31-03:00 [API CODER] error: mensaje del error
2023-10-11 22:37:29-03:00 [API CODER] error: mensaje del error
2023-10-11 22:37:45-03:00 [API CODER] error: mensaje del error
2023-10-11 22:37:58-03:00 [API CODER] error: mensaje del error
2023-10-11 22:38:35-03:00 [API CODER] error: mensaje del error
2023-10-11 22:38:35-03:00 [API CODER] error: 1
2023-10-11 22:39:00-03:00 [API CODER] error: mensaje del error
2023-10-11 22:39:00-03:00 [API CODER] error: code 
2023-10-11 22:39:13-03:00 [API CODER] error: mensaje del error
2023-10-11 22:39:13-03:00 [API CODER] error: code 1
2023-10-11 22:39:14-03:00 [API CODER] error: mensaje del error
2023-10-11 22:39:14-03:00 [API CODER] error: code 1
2023-10-12 16:56:52-03:00 [API CODER] error: mensaje del error
2023-10-12 17:55:11-03:00 [API CODER] error: could not connect to mongo
2023-10-12 18:00:57-03:00 [API CODER] error: could not connect to mongo
